<?xml version="1.0" encoding="UTF-8"?>
<!-- Generated by org.testng.reporters.JUnitReportReporter -->
<testsuite hostname="DESKTOP-T56DNVO" failures="0" tests="1" name="com.trial2mvn.Pack2.GitpractTest" time="0.009" errors="0" timestamp="2024-01-29T13:54:52 IST" skipped="0">
  <testcase classname="com.trial2mvn.Pack2.GitpractTest" name="mvnTest1" time="0.009"/>
  <system-out/>
</testsuite> <!-- com.trial2mvn.Pack2.GitpractTest -->
