<?xml version="1.0" encoding="UTF-8"?>
<!-- Generated by org.testng.reporters.JUnitReportReporter -->
<testsuite hostname="DESKTOP-T56DNVO" failures="0" tests="2" name="com.TrialMaven.Pack1.Demo2test" time="0.015" errors="0" timestamp="2024-01-29T18:05:24 IST" skipped="0">
  <testcase classname="com.TrialMaven.Pack1.Demo2test" name="simpleTest" time="0.002"/>
  <system-out/>
  <testcase classname="com.TrialMaven.Pack1.Demo2test" name="sampleTest" time="0.013"/>
  <system-out/>
</testsuite> <!-- com.TrialMaven.Pack1.Demo2test -->
